<?xml version="1.0" encoding="UTF-8"?>
<!-- Generated by org.testng.reporters.JUnitXMLReporter -->
<testsuite ignored="0" hostname="Maneesha" failures="1" tests="1" name="Test" time="4.96" errors="0" timestamp="2022-05-18T19:20:19 IST">
  <testcase classname="com.TestCases.LoginTC_001" name="logintest" time="1.242">
    <failure type="java.lang.AssertionError" message="expected [true] but found [false]">
      <![CDATA[java.lang.AssertionError: expected [true] but found [false]
at com.TestCases.LoginTC_001.logintest(LoginTC_001.java:23)
at java.base/java.util.ArrayList.forEach(ArrayList.java:1511)
... Removed 31 stack frames]]>
    </failure>
  </testcase> <!-- logintest -->
</testsuite> <!-- Test -->
